F or F/Library/Bee/Android/Prj/IL2CPP/Gradle/launcher/build/intermediates/manifest_merge_blame_file/release/manifest-merger-blame-release-report.txt
1<?xml version="1.0" encoding="utf-8"?>
2<manifest xmlns:android="http://schemas.android.com/apk/res/android"
3    package="com.unity.vrtemplate"
4    android:installLocation="preferExternal"
5    android:versionCode="1"
6    android:versionName="0.1" >
7
8    <uses-sdk
9        android:minSdkVersion="29"
9-->src\main\AndroidManifest.xml
10        android:targetSdkVersion="35" />
10-->src\main\AndroidManifest.xml
11
12    <supports-screens
12-->src\main\AndroidManifest.xml:3:3-163
13        android:anyDensity="true"
13-->src\main\AndroidManifest.xml:3:135-160
14        android:largeScreens="true"
14-->src\main\AndroidManifest.xml:3:78-105
15        android:normalScreens="true"
15-->src\main\AndroidManifest.xml:3:49-77
16        android:smallScreens="true"
16-->src\main\AndroidManifest.xml:3:21-48
17        android:xlargeScreens="true" />
17-->src\main\AndroidManifest.xml:3:106-134
18
19    <uses-feature android:glEsVersion="0x00030000" />
19-->[:unityLibrary] AndroidManifest.xml:8:5-54
19-->[:unityLibrary] AndroidManifest.xml:8:19-51
20    <uses-feature
20-->[:unityLibrary] AndroidManifest.xml:9:5-11:36
21        android:name="android.hardware.vulkan.version"
21-->[:unityLibrary] AndroidManifest.xml:10:9-55
22        android:required="false" />
22-->[:unityLibrary] AndroidManifest.xml:11:9-33
23    <uses-feature
23-->[:unityLibrary] AndroidManifest.xml:12:5-14:36
24        android:name="android.hardware.touchscreen"
24-->[:unityLibrary] AndroidManifest.xml:13:9-52
25        android:required="false" />
25-->[:unityLibrary] AndroidManifest.xml:14:9-33
26    <uses-feature
26-->[:unityLibrary] AndroidManifest.xml:15:5-17:36
27        android:name="android.hardware.touchscreen.multitouch"
27-->[:unityLibrary] AndroidManifest.xml:16:9-63
28        android:required="false" />
28-->[:unityLibrary] AndroidManifest.xml:17:9-33
29    <uses-feature
29-->[:unityLibrary] AndroidManifest.xml:18:5-20:36
30        android:name="android.hardware.touchscreen.multitouch.distinct"
30-->[:unityLibrary] AndroidManifest.xml:19:9-72
31        android:required="false" />
31-->[:unityLibrary] AndroidManifest.xml:20:9-33
32    <uses-feature
32-->[:unityLibrary:xrmanifest.androidlib] AndroidManifest.xml:7:5-10:31
33        android:name="android.hardware.vr.headtracking"
33-->[:unityLibrary:xrmanifest.androidlib] AndroidManifest.xml:8:9-56
34        android:required="true"
34-->[:unityLibrary:xrmanifest.androidlib] AndroidManifest.xml:9:9-32
35        android:version="1" />
35-->[:unityLibrary:xrmanifest.androidlib] AndroidManifest.xml:10:9-28
36    <uses-feature
36-->[:unityLibrary:xrmanifest.androidlib] AndroidManifest.xml:11:5-13:35
37        android:name="oculus.software.eye_tracking"
37-->[:unityLibrary:xrmanifest.androidlib] AndroidManifest.xml:12:9-52
38        android:required="true" />
38-->[:unityLibrary:xrmanifest.androidlib] AndroidManifest.xml:13:9-32
39
40    <uses-permission android:name="com.oculus.permission.EYE_TRACKING" />
40-->[:unityLibrary:xrmanifest.androidlib] AndroidManifest.xml:15:5-74
40-->[:unityLibrary:xrmanifest.androidlib] AndroidManifest.xml:15:22-71
41
42    <application
42-->src\main\AndroidManifest.xml:4:3-83
43        android:extractNativeLibs="true"
43-->[:unityLibrary] AndroidManifest.xml:22:18-50
44        android:icon="@mipmap/app_icon"
44-->src\main\AndroidManifest.xml:4:49-80
45        android:label="@string/app_name" >
45-->src\main\AndroidManifest.xml:4:16-48
46        <activity
46-->[:unityLibrary] AndroidManifest.xml:23:9-45:20
47            android:name="com.unity3d.player.UnityPlayerActivity"
47-->[:unityLibrary] AndroidManifest.xml:24:13-66
48            android:configChanges="mcc|mnc|locale|touchscreen|keyboard|keyboardHidden|navigation|orientation|screenLayout|uiMode|screenSize|smallestScreenSize|fontScale|layoutDirection|density"
48-->[:unityLibrary] AndroidManifest.xml:25:13-194
49            android:exported="true"
49-->[:unityLibrary] AndroidManifest.xml:26:13-36
50            android:hardwareAccelerated="false"
50-->[:unityLibrary] AndroidManifest.xml:27:13-48
51            android:launchMode="singleTask"
51-->[:unityLibrary] AndroidManifest.xml:28:13-44
52            android:resizeableActivity="false"
52-->[:unityLibrary] AndroidManifest.xml:29:13-47
53            android:screenOrientation="fullUser"
53-->[:unityLibrary] AndroidManifest.xml:30:13-49
54            android:theme="@style/UnityThemeSelector" >
54-->[:unityLibrary] AndroidManifest.xml:31:13-54
55            <intent-filter>
55-->[:unityLibrary] AndroidManifest.xml:32:13-37:29
56                <action android:name="android.intent.action.MAIN" />
56-->[:unityLibrary] AndroidManifest.xml:33:17-69
56-->[:unityLibrary] AndroidManifest.xml:33:25-66
57
58                <category android:name="android.intent.category.LAUNCHER" />
58-->[:unityLibrary] AndroidManifest.xml:35:17-77
58-->[:unityLibrary] AndroidManifest.xml:35:27-74
59                <category android:name="com.oculus.intent.category.VR" />
59-->[:unityLibrary] AndroidManifest.xml:36:17-74
59-->[:unityLibrary] AndroidManifest.xml:36:27-71
60            </intent-filter>
61
62            <meta-data
62-->[:unityLibrary] AndroidManifest.xml:39:13-41:40
63                android:name="unityplayer.UnityActivity"
63-->[:unityLibrary] AndroidManifest.xml:40:17-57
64                android:value="true" />
64-->[:unityLibrary] AndroidManifest.xml:41:17-37
65            <meta-data
65-->[:unityLibrary] AndroidManifest.xml:42:13-44:40
66                android:name="android.notch_support"
66-->[:unityLibrary] AndroidManifest.xml:43:17-53
67                android:value="true" />
67-->[:unityLibrary] AndroidManifest.xml:44:17-37
68            <meta-data
68-->[:unityLibrary:xrmanifest.androidlib] AndroidManifest.xml:21:13-23:40
69                android:name="com.oculus.vr.focusaware"
69-->[:unityLibrary:xrmanifest.androidlib] AndroidManifest.xml:22:17-56
70                android:value="true" />
70-->[:unityLibrary:xrmanifest.androidlib] AndroidManifest.xml:23:17-37
71        </activity>
72
73        <meta-data
73-->[:unityLibrary] AndroidManifest.xml:47:9-49:33
74            android:name="unity.splash-mode"
74-->[:unityLibrary] AndroidManifest.xml:48:13-45
75            android:value="0" />
75-->[:unityLibrary] AndroidManifest.xml:49:13-30
76        <meta-data
76-->[:unityLibrary] AndroidManifest.xml:50:9-52:36
77            android:name="unity.splash-enable"
77-->[:unityLibrary] AndroidManifest.xml:51:13-47
78            android:value="True" />
78-->[:unityLibrary] AndroidManifest.xml:52:13-33
79        <meta-data
79-->[:unityLibrary] AndroidManifest.xml:53:9-55:36
80            android:name="unity.launch-fullscreen"
80-->[:unityLibrary] AndroidManifest.xml:54:13-51
81            android:value="True" />
81-->[:unityLibrary] AndroidManifest.xml:55:13-33
82        <meta-data
82-->[:unityLibrary] AndroidManifest.xml:56:9-58:50
83            android:name="notch.config"
83-->[:unityLibrary] AndroidManifest.xml:57:13-40
84            android:value="portrait|landscape" />
84-->[:unityLibrary] AndroidManifest.xml:58:13-47
85        <meta-data
85-->[:unityLibrary] AndroidManifest.xml:59:9-61:36
86            android:name="unity.auto-report-fully-drawn"
86-->[:unityLibrary] AndroidManifest.xml:60:13-57
87            android:value="true" />
87-->[:unityLibrary] AndroidManifest.xml:61:13-33
88        <meta-data
88-->[:unityLibrary:xrmanifest.androidlib] AndroidManifest.xml:26:9-28:67
89            android:name="com.oculus.supportedDevices"
89-->[:unityLibrary:xrmanifest.androidlib] AndroidManifest.xml:27:13-55
90            android:value="quest|quest2|cambria|eureka|quest3s" />
90-->[:unityLibrary:xrmanifest.androidlib] AndroidManifest.xml:28:13-64
91    </application>
92
93</manifest>